CGVAE log file
==================================================================================================
->ANALYSIS
CASE ID=3266
ANALYSIS=sensanalysis
IMPORTED MODEL=0
LAST TRAINING LOSS=['2179.479', '2311.179', '2162.223', '2256.732', '2619.693', '2451.728']
LAST CV LOSS=['2411.260', '2502.056', '2382.376', '2342.825', '2622.202', '2503.365']
--------------------------------------------------------------------------------------------------
->TRAINING
ARCHITECTURE=flat
TRAINING SIZE=0.75
LEARNING RATE=0.01
L2 REGULARIZER=0.1
L1 REGULARIZER=0.0
DROPOUT=0.15
ACTIVATION=elu
NUMBER OF EPOCHS=100
BATCH SIZE=128
LATENT DIMENSION=20
ENCODER HIDDEN LAYERS=[100, 50]
DECODER HIDDEN LAYERS=[50, 100]
OPTIMIZER=['Adam', 'Adam', 'Adam', 'Adam', 'Adam', 'Adam']
METRICS=['mean_squared_error', 'mean_squared_error', 'mean_squared_error', 'mean_squared_error', 'mean_squared_error', 'mean_squared_error']
--------------------------------------------------------------------------------------------------
->ARCHITECTURE
INPUT SHAPE=(150, 100)
--------------------------------------------------------------------------------------------------
->MODEL
Model: "model"
__________________________________________________________________________________________________
 Layer (type)                   Output Shape         Param #     Connected to                     
==================================================================================================
 input_3 (InputLayer)           [(None, 15000)]      0           []                               
                                                                                                  
 encoder (Sequential)           (None, 40)           1507790     ['input_3[0][0]']                
                                                                                                  
 lambda (Lambda)                (None, 20)           0           ['encoder[0][0]']                
                                                                                                  
 lambda_1 (Lambda)              (None, 20)           0           ['encoder[0][0]']                
                                                                                                  
 lambda_2 (Lambda)              (None, 20)           0           ['lambda[0][0]',                 
                                                                  'lambda_1[0][0]']               
                                                                                                  
 decoder (Sequential)           (None, 15000)        1521750     ['lambda_2[0][0]']               
                                                                                                  
==================================================================================================
Total params: 3,029,540
Trainable params: 3,028,940
Non-trainable params: 600
__________________________________________________________________________________________________
Model: "model_1"
__________________________________________________________________________________________________
 Layer (type)                   Output Shape         Param #     Connected to                     
==================================================================================================
 input_6 (InputLayer)           [(None, 15000)]      0           []                               
                                                                                                  
 encoder (Sequential)           (None, 40)           1507790     ['input_6[0][0]']                
                                                                                                  
 lambda_3 (Lambda)              (None, 20)           0           ['encoder[0][0]']                
                                                                                                  
 lambda_4 (Lambda)              (None, 20)           0           ['encoder[0][0]']                
                                                                                                  
 lambda_5 (Lambda)              (None, 20)           0           ['lambda_3[0][0]',               
                                                                  'lambda_4[0][0]']               
                                                                                                  
 decoder (Sequential)           (None, 15000)        1521750     ['lambda_5[0][0]']               
                                                                                                  
==================================================================================================
Total params: 3,029,540
Trainable params: 3,028,940
Non-trainable params: 600
__________________________________________________________________________________________________
Model: "model_2"
__________________________________________________________________________________________________
 Layer (type)                   Output Shape         Param #     Connected to                     
==================================================================================================
 input_9 (InputLayer)           [(None, 15000)]      0           []                               
                                                                                                  
 encoder (Sequential)           (None, 40)           1507790     ['input_9[0][0]']                
                                                                                                  
 lambda_6 (Lambda)              (None, 20)           0           ['encoder[0][0]']                
                                                                                                  
 lambda_7 (Lambda)              (None, 20)           0           ['encoder[0][0]']                
                                                                                                  
 lambda_8 (Lambda)              (None, 20)           0           ['lambda_6[0][0]',               
                                                                  'lambda_7[0][0]']               
                                                                                                  
 decoder (Sequential)           (None, 15000)        1521750     ['lambda_8[0][0]']               
                                                                                                  
==================================================================================================
Total params: 3,029,540
Trainable params: 3,028,940
Non-trainable params: 600
__________________________________________________________________________________________________
Model: "model_3"
__________________________________________________________________________________________________
 Layer (type)                   Output Shape         Param #     Connected to                     
==================================================================================================
 input_12 (InputLayer)          [(None, 15000)]      0           []                               
                                                                                                  
 encoder (Sequential)           (None, 40)           1507790     ['input_12[0][0]']               
                                                                                                  
 lambda_9 (Lambda)              (None, 20)           0           ['encoder[0][0]']                
                                                                                                  
 lambda_10 (Lambda)             (None, 20)           0           ['encoder[0][0]']                
                                                                                                  
 lambda_11 (Lambda)             (None, 20)           0           ['lambda_9[0][0]',               
                                                                  'lambda_10[0][0]']              
                                                                                                  
 decoder (Sequential)           (None, 15000)        1521750     ['lambda_11[0][0]']              
                                                                                                  
==================================================================================================
Total params: 3,029,540
Trainable params: 3,028,940
Non-trainable params: 600
__________________________________________________________________________________________________
Model: "model_4"
__________________________________________________________________________________________________
 Layer (type)                   Output Shape         Param #     Connected to                     
==================================================================================================
 input_15 (InputLayer)          [(None, 15000)]      0           []                               
                                                                                                  
 encoder (Sequential)           (None, 40)           1507790     ['input_15[0][0]']               
                                                                                                  
 lambda_12 (Lambda)             (None, 20)           0           ['encoder[0][0]']                
                                                                                                  
 lambda_13 (Lambda)             (None, 20)           0           ['encoder[0][0]']                
                                                                                                  
 lambda_14 (Lambda)             (None, 20)           0           ['lambda_12[0][0]',              
                                                                  'lambda_13[0][0]']              
                                                                                                  
 decoder (Sequential)           (None, 15000)        1521750     ['lambda_14[0][0]']              
                                                                                                  
==================================================================================================
Total params: 3,029,540
Trainable params: 3,028,940
Non-trainable params: 600
__________________________________________________________________________________________________
Model: "model_5"
__________________________________________________________________________________________________
 Layer (type)                   Output Shape         Param #     Connected to                     
==================================================================================================
 input_18 (InputLayer)          [(None, 15000)]      0           []                               
                                                                                                  
 encoder (Sequential)           (None, 40)           1507790     ['input_18[0][0]']               
                                                                                                  
 lambda_15 (Lambda)             (None, 20)           0           ['encoder[0][0]']                
                                                                                                  
 lambda_16 (Lambda)             (None, 20)           0           ['encoder[0][0]']                
                                                                                                  
 lambda_17 (Lambda)             (None, 20)           0           ['lambda_15[0][0]',              
                                                                  'lambda_16[0][0]']              
                                                                                                  
 decoder (Sequential)           (None, 15000)        1521750     ['lambda_17[0][0]']              
                                                                                                  
==================================================================================================
Total params: 3,029,540
Trainable params: 3,028,940
Non-trainable params: 600
__________________________________________________________________________________________________
==================================================================================================
